0 info it worked if it ends with ok
1 verbose cli [ '/usr/local/bin/node', '/usr/local/bin/npm', 'install' ]
2 info using npm@1.4.28
3 info using node@v0.10.38
4 verbose node symlink /usr/local/bin/node
5 error install Couldn't read dependencies
6 error Error: Invalid version: "0.1"
6 error     at Object.module.exports.fixVersionField (/usr/local/lib/node_modules/npm/node_modules/read-package-json/node_modules/normalize-package-data/lib/fixer.js:183:13)
6 error     at /usr/local/lib/node_modules/npm/node_modules/read-package-json/node_modules/normalize-package-data/lib/normalize.js:30:38
6 error     at Array.forEach (native)
6 error     at normalize (/usr/local/lib/node_modules/npm/node_modules/read-package-json/node_modules/normalize-package-data/lib/normalize.js:29:15)
6 error     at final (/usr/local/lib/node_modules/npm/node_modules/read-package-json/read-json.js:342:33)
6 error     at then (/usr/local/lib/node_modules/npm/node_modules/read-package-json/read-json.js:126:33)
6 error     at /usr/local/lib/node_modules/npm/node_modules/read-package-json/read-json.js:316:48
6 error     at evalmachine.<anonymous>:208:20
6 error     at OpenReq.Req.done (/usr/local/lib/node_modules/npm/node_modules/graceful-fs/graceful-fs.js:141:5)
6 error     at OpenReq.done (/usr/local/lib/node_modules/npm/node_modules/graceful-fs/graceful-fs.js:61:22)
7 error If you need help, you may report this *entire* log,
7 error including the npm and node versions, at:
7 error     <http://github.com/npm/npm/issues>
8 error System Darwin 14.5.0
9 error command "/usr/local/bin/node" "/usr/local/bin/npm" "install"
10 error cwd /Users/jcrafts/projects/wikipedia-hitler
11 error node -v v0.10.38
12 error npm -v 1.4.28
13 verbose exit [ 1, true ]
